  Animation.c
  AnimationState.c
  AnimationStateData.c
  Atlas.c
  AtlasAttachmentLoader.c
  Attachment.c
  AttachmentLoader.c
  Bone.c
  BoneData.c
  BoundingBoxAttachment.c
  Event.c
  EventData.c
  extension.c
  IkConstraint.c
  IkConstraintData.c
  Json.c
  MeshAttachment.c
  PathAttachment.c
  PathConstraint.c
  PathConstraintData.c
  RegionAttachment.c
  Skeleton.c
  SkeletonBinary.c
  SkeletonBounds.c
  SkeletonData.c
c:\users\shania\desktop\game-engine\labgame\cocos2d\cocos\editor-support\spine\skeletonbinary.c(295): warning C4018: '<': signed/unsigned mismatch
c:\users\shania\desktop\game-engine\labgame\cocos2d\cocos\editor-support\spine\skeletonbinary.c(358): warning C4018: '<': signed/unsigned mismatch
c:\users\shania\desktop\game-engine\labgame\cocos2d\cocos\editor-support\spine\skeletonbinary.c(470): warning C4018: '<': signed/unsigned mismatch
  SkeletonJson.c
  Skin.c
  Slot.c
  SlotData.c
  TransformConstraint.c
  TransformConstraintData.c
  VertexAttachment.c
  AttachmentVertices.cpp
  Cocos2dAttachmentLoader.cpp
  SkeletonAnimation.cpp
  SkeletonBatch.cpp
c:\users\shania\desktop\game-engine\labgame\cocos2d\cocos\editor-support\spine\skeletonbatch.cpp(96): warning C4996: 'cocos2d::TrianglesCommand::init': was declared deprecated
  c:\users\shania\desktop\game-engine\labgame\cocos2d\cocos\renderer\cctrianglescommand.h(73): note: see declaration of 'cocos2d::TrianglesCommand::init'
  SkeletonRenderer.cpp
  spine-cocos2dx.cpp
  libSpine.vcxproj -> C:\Users\Shania\Desktop\game-engine\LabGame\proj.win32\Debug.win32\libSpine.lib
