c:\users\155208u\desktop\labgame\proj.win32\debug.win32\helloworldscene.obj
c:\users\155208u\desktop\labgame\proj.win32\debug.win32\main.obj
c:\users\155208u\desktop\labgame\proj.win32\debug.win32\appdelegate.obj
c:\users\155208u\desktop\labgame\proj.win32\debug.win32\character.obj
c:\users\155208u\desktop\labgame\proj.win32\debug.win32\vc140.pdb
c:\users\155208u\desktop\labgame\proj.win32\debug.win32\touchables.obj
c:\users\155208u\desktop\labgame\proj.win32\debug.win32\vc140.idb
c:\users\155208u\desktop\labgame\proj.win32\debug.win32\labgame.lib
c:\users\155208u\desktop\labgame\proj.win32\debug.win32\labgame.exp
c:\users\155208u\desktop\labgame\proj.win32\labgame.cab
c:\users\155208u\desktop\labgame\proj.win32\debug.win32\labgame.ilk
c:\users\155208u\desktop\labgame\proj.win32\debug.win32\labgame.exe
c:\users\155208u\desktop\labgame\proj.win32\debug.win32\labgame.pdb
c:\users\155208u\desktop\labgame\proj.win32\debug.win32\game.res
c:\users\155208u\desktop\labgame\proj.win32\debug.win32\labgame.vcxprojresolveassemblyreference.cache
c:\users\155208u\desktop\labgame\proj.win32\debug.win32\libcocos2d.exp
c:\users\155208u\desktop\labgame\proj.win32\debug.win32\libbox2d.pdb
c:\users\155208u\desktop\labgame\proj.win32\debug.win32\libbullet.pdb
c:\users\155208u\desktop\labgame\proj.win32\debug.win32\libcocos2d.pdb
c:\users\155208u\desktop\labgame\proj.win32\debug.win32\librecast.pdb
c:\users\155208u\desktop\labgame\proj.win32\debug.win32\libspine.pdb
c:\users\155208u\desktop\labgame\proj.win32\debug.win32\labgame.tlog\cl.command.1.tlog
c:\users\155208u\desktop\labgame\proj.win32\debug.win32\labgame.tlog\cl.read.1.tlog
c:\users\155208u\desktop\labgame\proj.win32\debug.win32\labgame.tlog\cl.write.1.tlog
c:\users\155208u\desktop\labgame\proj.win32\debug.win32\labgame.tlog\labgame.write.1u.tlog
c:\users\155208u\desktop\labgame\proj.win32\debug.win32\labgame.tlog\link.command.1.tlog
c:\users\155208u\desktop\labgame\proj.win32\debug.win32\labgame.tlog\link.read.1.tlog
c:\users\155208u\desktop\labgame\proj.win32\debug.win32\labgame.tlog\link.write.1.tlog
c:\users\155208u\desktop\labgame\proj.win32\debug.win32\labgame.tlog\rc.command.1.tlog
c:\users\155208u\desktop\labgame\proj.win32\debug.win32\labgame.tlog\rc.read.1.tlog
c:\users\155208u\desktop\labgame\proj.win32\debug.win32\labgame.tlog\rc.write.1.tlog
